VirtualBox XPCOM Server 5.2.22 r126257 linux.amd64 (Nov  9 2018 11:16:45) release log
00:00:00.000224 main     Log opened 2018-11-20T10:52:27.360271000Z
00:00:00.000226 main     Build Type: release
00:00:00.000228 main     OS Product: Linux
00:00:00.000229 main     OS Release: 4.19.2-1-MANJARO
00:00:00.000229 main     OS Version: #1 SMP PREEMPT Tue Nov 13 22:35:25 UTC 2018
00:00:00.000248 main     DMI Product Name: TM1604
00:00:00.000254 main     DMI Product Version: XMAKB3M0P0504
00:00:00.000281 main     Host RAM: 7885MB (7.7GB) total, 4674MB (4.5GB) available
00:00:00.000283 main     Executable: /usr/lib/virtualbox/VBoxSVC
00:00:00.000283 main     Process ID: 7252
00:00:00.000284 main     Package type: LINUX_64BITS_GENERIC (OSE)
00:00:00.001674 main     IPC socket path: /tmp/.vbox-frostmiku-ipc/ipcd
00:00:00.108019 nspr-2   VirtualBox: object creation starts
00:00:00.108204 nspr-2   Home directory: '/home/frostmiku/.config/VirtualBox'
00:00:00.108474 nspr-2   Loading settings file "/home/frostmiku/.config/VirtualBox/VirtualBox.xml" with version "1.12-linux"
00:00:00.115331 nspr-2   NetIfAdpCtlOut: VBoxNetAdpCtl: Error while retrieving link speed for wlp2s0: VBoxNetAdpCtl: ioctl failed: Operation not supported
00:00:00.115749 nspr-2   NAT: resolv.conf: nameserver 59.70.159.10
00:00:00.115757 nspr-2   NAT: resolv.conf: nameserver 59.70.159.1
00:00:00.115763 nspr-2   HostDnsMonitor: old information
00:00:00.115765 nspr-2     no server entries
00:00:00.115766 nspr-2     no domain set
00:00:00.115768 nspr-2     no search string entries
00:00:00.115770 nspr-2   HostDnsMonitor: new information
00:00:00.115771 nspr-2     server 1: 59.70.159.10
00:00:00.115773 nspr-2     server 2: 59.70.159.1
00:00:00.115775 nspr-2     no domain set
00:00:00.115777 nspr-2     no search string entries
00:00:00.115779 nspr-2   HostDnsMonitorProxy::notify
00:00:00.117932 nspr-2   VD: VDInit finished with VINF_SUCCESS
00:00:00.117982 nspr-2   ERROR [COM]: aRC=NS_ERROR_FAILURE (0x80004005) aIID={0eb668d2-495e-5a36-8890-29999b5f030c} aComponent={SystemPropertiesWrap} aText={Cannot determine default Guest Additions ISO location. Most likely they are not available}, preserve=false aResultDetail=0
00:00:00.121147 nspr-2   Loading settings file "/home/frostmiku/VirtualBox VMs/MacOS10.13.6/MacOS10.13.6.vbox" with version "1.15-linux"
00:00:00.122912 nspr-2   VirtualBox: object created
00:00:00.271709 nspr-3   NetIfAdpCtlOut: VBoxNetAdpCtl: Error while retrieving link speed for wlp2s0: VBoxNetAdpCtl: ioctl failed: Operation not supported
00:00:02.939516 nspr-5   WARNING [COM]: aRC=NS_ERROR_FAILURE (0x80004005) aIID={afca788c-4477-787d-60b2-3fa70e56fbbc} aComponent={HostWrap} aText={VirtualBox is not currently allowed to access USB devices.  You can change this by adding your user to the 'vboxusers' group.  Please see the user manual for a more detailed explanation}, preserve=true  aResultDetail=0
00:00:02.940292 nspr-5   WARNING [COM]: aRC=NS_ERROR_FAILURE (0x80004005) aIID={afca788c-4477-787d-60b2-3fa70e56fbbc} aComponent={HostWrap} aText={VirtualBox is not currently allowed to access USB devices.  You can change this by adding your user to the 'vboxusers' group.  Please see the user manual for a more detailed explanation}, preserve=true  aResultDetail=0
00:00:02.940808 nspr-6   Load [/usr/lib/virtualbox/ExtensionPacks/Oracle_VM_VirtualBox_Extension_Pack/linux.amd64/VBoxHostWebcam.so] rc VINF_SUCCESS
00:00:03.052670 nspr-6   WARNING [COM]: aRC=NS_ERROR_FAILURE (0x80004005) aIID={afca788c-4477-787d-60b2-3fa70e56fbbc} aComponent={HostWrap} aText={VirtualBox is not currently allowed to access USB devices.  You can change this by adding your user to the 'vboxusers' group.  Please see the user manual for a more detailed explanation}, preserve=true  aResultDetail=0
00:00:03.095531 nspr-5   WARNING [COM]: aRC=NS_ERROR_FAILURE (0x80004005) aIID={afca788c-4477-787d-60b2-3fa70e56fbbc} aComponent={HostWrap} aText={VirtualBox is not currently allowed to access USB devices.  You can change this by adding your user to the 'vboxusers' group.  Please see the user manual for a more detailed explanation}, preserve=true  aResultDetail=0
00:00:03.096232 nspr-5   WARNING [COM]: aRC=NS_ERROR_FAILURE (0x80004005) aIID={afca788c-4477-787d-60b2-3fa70e56fbbc} aComponent={HostWrap} aText={VirtualBox is not currently allowed to access USB devices.  You can change this by adding your user to the 'vboxusers' group.  Please see the user manual for a more detailed explanation}, preserve=true  aResultDetail=0
00:00:03.122426 nspr-5   ERROR [COM]: aRC=VBOX_E_IPRT_ERROR (0x80bb0005) aIID={85cd948e-a71f-4289-281e-0ca7ad48cd89} aComponent={SessionMachine} aText={Saved screenshot data is not available (VERR_NOT_SUPPORTED)}, preserve=false aResultDetail=0
00:00:03.142282 nspr-7   NetIfAdpCtlOut: VBoxNetAdpCtl: Error while retrieving link speed for wlp2s0: VBoxNetAdpCtl: ioctl failed: Operation not supported
00:00:03.226396 nspr-7   WARNING [COM]: aRC=NS_ERROR_FAILURE (0x80004005) aIID={afca788c-4477-787d-60b2-3fa70e56fbbc} aComponent={HostWrap} aText={VirtualBox is not currently allowed to access USB devices.  You can change this by adding your user to the 'vboxusers' group.  Please see the user manual for a more detailed explanation}, preserve=true  aResultDetail=0
00:00:13.015898 nspr-4   Saving settings file "/home/frostmiku/VirtualBox VMs/MacOS10.13.6/MacOS10.13.6.vbox" with version "1.15-linux"
00:00:13.151164 nspr-3   Saving settings file "/home/frostmiku/VirtualBox VMs/MacOS10.13.6/MacOS10.13.6.vbox" with version "1.15-linux"
00:00:13.720175 nspr-2   Saving settings file "/home/frostmiku/VirtualBox VMs/MacOS10.13.6/MacOS10.13.6.vbox" with version "1.15-linux"
00:00:17.133242 nspr-5   WARNING [COM]: aRC=NS_ERROR_FAILURE (0x80004005) aIID={afca788c-4477-787d-60b2-3fa70e56fbbc} aComponent={HostWrap} aText={VirtualBox is not currently allowed to access USB devices.  You can change this by adding your user to the 'vboxusers' group.  Please see the user manual for a more detailed explanation}, preserve=true  aResultDetail=0
00:00:17.259315 nspr-7   NetIfAdpCtlOut: VBoxNetAdpCtl: Error while retrieving link speed for wlp2s0: VBoxNetAdpCtl: ioctl failed: Operation not supported
00:00:17.265884 nspr-7   NetIfAdpCtlOut: VBoxNetAdpCtl: Error while retrieving link speed for wlp2s0: VBoxNetAdpCtl: ioctl failed: Operation not supported
00:00:17.278051 nspr-6   WARNING [COM]: aRC=NS_ERROR_FAILURE (0x80004005) aIID={afca788c-4477-787d-60b2-3fa70e56fbbc} aComponent={HostWrap} aText={VirtualBox is not currently allowed to access USB devices.  You can change this by adding your user to the 'vboxusers' group.  Please see the user manual for a more detailed explanation}, preserve=true  aResultDetail=0
00:00:17.278520 nspr-5   WARNING [COM]: aRC=NS_ERROR_FAILURE (0x80004005) aIID={afca788c-4477-787d-60b2-3fa70e56fbbc} aComponent={HostWrap} aText={VirtualBox is not currently allowed to access USB devices.  You can change this by adding your user to the 'vboxusers' group.  Please see the user manual for a more detailed explanation}, preserve=true  aResultDetail=0
00:00:25.685777 nspr-5   Saving settings file "/home/frostmiku/.config/VirtualBox/VirtualBox.xml" with version "1.12-linux"
00:00:30.928682 nspr-7   WARNING [COM]: aRC=NS_ERROR_FAILURE (0x80004005) aIID={afca788c-4477-787d-60b2-3fa70e56fbbc} aComponent={HostWrap} aText={VirtualBox is not currently allowed to access USB devices.  You can change this by adding your user to the 'vboxusers' group.  Please see the user manual for a more detailed explanation}, preserve=true  aResultDetail=0
00:00:30.937682 nspr-8   Saving settings file "/home/frostmiku/VirtualBox VMs/MacOS10.13.6/MacOS10.13.6.vbox" with version "1.15-linux"
00:00:35.185031 nspr-2   WARNING [COM]: aRC=NS_ERROR_FAILURE (0x80004005) aIID={afca788c-4477-787d-60b2-3fa70e56fbbc} aComponent={HostWrap} aText={VirtualBox is not currently allowed to access USB devices.  You can change this by adding your user to the 'vboxusers' group.  Please see the user manual for a more detailed explanation}, preserve=true  aResultDetail=0
00:00:35.185716 nspr-3   WARNING [COM]: aRC=NS_ERROR_FAILURE (0x80004005) aIID={afca788c-4477-787d-60b2-3fa70e56fbbc} aComponent={HostWrap} aText={VirtualBox is not currently allowed to access USB devices.  You can change this by adding your user to the 'vboxusers' group.  Please see the user manual for a more detailed explanation}, preserve=true  aResultDetail=0
00:00:35.186237 nspr-8   Load [/usr/lib/virtualbox/ExtensionPacks/Oracle_VM_VirtualBox_Extension_Pack/linux.amd64/VBoxHostWebcam.so] rc VINF_SUCCESS
00:00:35.299381 nspr-7   WARNING [COM]: aRC=NS_ERROR_FAILURE (0x80004005) aIID={afca788c-4477-787d-60b2-3fa70e56fbbc} aComponent={HostWrap} aText={VirtualBox is not currently allowed to access USB devices.  You can change this by adding your user to the 'vboxusers' group.  Please see the user manual for a more detailed explanation}, preserve=true  aResultDetail=0
00:00:35.354598 nspr-3   WARNING [COM]: aRC=NS_ERROR_FAILURE (0x80004005) aIID={afca788c-4477-787d-60b2-3fa70e56fbbc} aComponent={HostWrap} aText={VirtualBox is not currently allowed to access USB devices.  You can change this by adding your user to the 'vboxusers' group.  Please see the user manual for a more detailed explanation}, preserve=true  aResultDetail=0
00:00:35.355328 nspr-2   WARNING [COM]: aRC=NS_ERROR_FAILURE (0x80004005) aIID={afca788c-4477-787d-60b2-3fa70e56fbbc} aComponent={HostWrap} aText={VirtualBox is not currently allowed to access USB devices.  You can change this by adding your user to the 'vboxusers' group.  Please see the user manual for a more detailed explanation}, preserve=true  aResultDetail=0
00:00:35.374676 nspr-3   ERROR [COM]: aRC=VBOX_E_IPRT_ERROR (0x80bb0005) aIID={85cd948e-a71f-4289-281e-0ca7ad48cd89} aComponent={SessionMachine} aText={Saved screenshot data is not available (VERR_NOT_SUPPORTED)}, preserve=false aResultDetail=0
00:00:35.404459 nspr-8   NetIfAdpCtlOut: VBoxNetAdpCtl: Error while retrieving link speed for wlp2s0: VBoxNetAdpCtl: ioctl failed: Operation not supported
00:00:35.480617 nspr-5   WARNING [COM]: aRC=NS_ERROR_FAILURE (0x80004005) aIID={afca788c-4477-787d-60b2-3fa70e56fbbc} aComponent={HostWrap} aText={VirtualBox is not currently allowed to access USB devices.  You can change this by adding your user to the 'vboxusers' group.  Please see the user manual for a more detailed explanation}, preserve=true  aResultDetail=0
00:51:53.316484 nspr-5   Load [/usr/lib/virtualbox/ExtensionPacks/Oracle_VM_VirtualBox_Extension_Pack/linux.amd64/VBoxHostWebcam.so] rc VINF_SUCCESS
00:51:53.668286 nspr-8   WARNING [COM]: aRC=NS_ERROR_FAILURE (0x80004005) aIID={afca788c-4477-787d-60b2-3fa70e56fbbc} aComponent={HostWrap} aText={VirtualBox is not currently allowed to access USB devices.  You can change this by adding your user to the 'vboxusers' group.  Please see the user manual for a more detailed explanation}, preserve=false aResultDetail=0
00:51:54.619709 nspr-4   Load [/usr/lib/virtualbox/ExtensionPacks/Oracle_VM_VirtualBox_Extension_Pack/linux.amd64/VBoxHostWebcam.so] rc VINF_SUCCESS
00:51:57.163038 nspr-8   WARNING [COM]: aRC=NS_ERROR_FAILURE (0x80004005) aIID={afca788c-4477-787d-60b2-3fa70e56fbbc} aComponent={HostWrap} aText={VirtualBox is not currently allowed to access USB devices.  You can change this by adding your user to the 'vboxusers' group.  Please see the user manual for a more detailed explanation}, preserve=false aResultDetail=0
00:52:06.932480 nspr-5   Load [/usr/lib/virtualbox/ExtensionPacks/Oracle_VM_VirtualBox_Extension_Pack/linux.amd64/VBoxHostWebcam.so] rc VINF_SUCCESS
00:57:35.631740 nspr-8   Saving settings file "/home/frostmiku/VirtualBox VMs/MacOS10.13.6/MacOS10.13.6.vbox" with version "1.15-linux"
00:57:35.707685 nspr-4   ERROR [COM]: aRC=VBOX_E_IPRT_ERROR (0x80bb0005) aIID={85cd948e-a71f-4289-281e-0ca7ad48cd89} aComponent={SessionMachine} aText={Saved screenshot data is not available (VERR_NOT_SUPPORTED)}, preserve=false aResultDetail=0
00:58:11.792040 nspr-7   WARNING [COM]: aRC=NS_ERROR_FAILURE (0x80004005) aIID={afca788c-4477-787d-60b2-3fa70e56fbbc} aComponent={HostWrap} aText={VirtualBox is not currently allowed to access USB devices.  You can change this by adding your user to the 'vboxusers' group.  Please see the user manual for a more detailed explanation}, preserve=true  aResultDetail=0
00:58:11.793097 nspr-2   WARNING [COM]: aRC=NS_ERROR_FAILURE (0x80004005) aIID={afca788c-4477-787d-60b2-3fa70e56fbbc} aComponent={HostWrap} aText={VirtualBox is not currently allowed to access USB devices.  You can change this by adding your user to the 'vboxusers' group.  Please see the user manual for a more detailed explanation}, preserve=true  aResultDetail=0
00:58:11.813524 nspr-3   ERROR [COM]: aRC=VBOX_E_IPRT_ERROR (0x80bb0005) aIID={85cd948e-a71f-4289-281e-0ca7ad48cd89} aComponent={SessionMachine} aText={Saved screenshot data is not available (VERR_NOT_SUPPORTED)}, preserve=false aResultDetail=0
00:58:11.871018 nspr-3   WARNING [COM]: aRC=NS_ERROR_FAILURE (0x80004005) aIID={afca788c-4477-787d-60b2-3fa70e56fbbc} aComponent={HostWrap} aText={VirtualBox is not currently allowed to access USB devices.  You can change this by adding your user to the 'vboxusers' group.  Please see the user manual for a more detailed explanation}, preserve=true  aResultDetail=0
00:58:11.872126 nspr-7   WARNING [COM]: aRC=NS_ERROR_FAILURE (0x80004005) aIID={afca788c-4477-787d-60b2-3fa70e56fbbc} aComponent={HostWrap} aText={VirtualBox is not currently allowed to access USB devices.  You can change this by adding your user to the 'vboxusers' group.  Please see the user manual for a more detailed explanation}, preserve=true  aResultDetail=0
01:08:09.372005 nspr-6   Saving settings file "/home/frostmiku/VirtualBox VMs/MacOS10.13.6/MacOS10.13.6.vbox" with version "1.15-linux"
01:29:27.741352 nspr-3   Saving settings file "/home/frostmiku/VirtualBox VMs/MacOS10.13.6/MacOS10.13.6.vbox" with version "1.15-linux"
01:30:34.355633 nspr-6   WARNING [COM]: aRC=NS_ERROR_FAILURE (0x80004005) aIID={afca788c-4477-787d-60b2-3fa70e56fbbc} aComponent={HostWrap} aText={VirtualBox is not currently allowed to access USB devices.  You can change this by adding your user to the 'vboxusers' group.  Please see the user manual for a more detailed explanation}, preserve=false aResultDetail=0
01:30:34.681699 nspr-7   Load [/usr/lib/virtualbox/ExtensionPacks/Oracle_VM_VirtualBox_Extension_Pack/linux.amd64/VBoxHostWebcam.so] rc VINF_SUCCESS
01:31:11.676005 nspr-7   Saving settings file "/home/frostmiku/VirtualBox VMs/MacOS10.13.6/MacOS10.13.6.vbox" with version "1.15-linux"
01:31:12.422769 nspr-4   Saving settings file "/home/frostmiku/VirtualBox VMs/MacOS10.13.6/MacOS10.13.6.vbox" with version "1.15-linux"
01:31:14.608620 nspr-8   Saving settings file "/home/frostmiku/.config/VirtualBox/VirtualBox.xml" with version "1.12-linux"
01:31:14.616683 nspr-7   Saving settings file "/home/frostmiku/.config/VirtualBox/VirtualBox.xml" with version "1.12-linux"
01:31:14.623724 nspr-2   Saving settings file "/home/frostmiku/.config/VirtualBox/VirtualBox.xml" with version "1.12-linux"
01:31:20.153474 main     VirtualBox: object deletion starts
01:31:20.153560 main     ERROR [COM]: aRC=VBOX_E_OBJECT_IN_USE (0x80bb000c) aIID={4afe423b-43e0-e9d0-82e8-ceb307940dda} aComponent={MediumWrap} aText={Medium '/home/frostmiku/VirtualBox VMs/MacOS10.13.6/MacOS10.13.6.vdi' cannot be closed because it is still attached to 1 virtual machines}, preserve=false aResultDetail=0
01:31:20.192326 Watcher  ERROR [COM]: aRC=E_ACCESSDENIED (0x80070005) aIID={9570b9d5-f1a1-448a-10c5-e12f5285adad} aComponent={VirtualBoxWrap} aText={The object is not ready}, preserve=false aResultDetail=0
01:31:25.154830 main     {00007f9630016d40} HostPowerServiceLinux::~HostPowerServiceLinux: RTThreadWait() for 5000 ms failed with VERR_TIMEOUT
01:31:25.155658 main     VirtualBox: object deleted
